<?xml version="1.0" encoding="UTF-8"?>
<testsuite name="DoctorTest" tests="1" skipped="0" failures="0" errors="0" timestamp="2016-05-03T20:50:33" hostname="epicodus-48.local" time="0.079">
  <properties/>
  <testcase name="Doctor_instantiatesCorrectly_true" classname="DoctorTest" time="0.079"/>
  <system-out><![CDATA[]]></system-out>
  <system-err><![CDATA[]]></system-err>
</testsuite>
