<?xml version="1.0" encoding="UTF-8"?>
<testsuite name="DoctorTest" tests="4" skipped="0" failures="0" errors="0" timestamp="2016-05-03T21:06:32" hostname="epicodus-48.local" time="0.115">
  <properties/>
  <testcase name="equals_returnsTrueIfNamesAretheSame" classname="DoctorTest" time="0.076"/>
  <testcase name="getName_doctorInstantiatesWithName_String" classname="DoctorTest" time="0.005"/>
  <testcase name="Doctor_instantiatesCorrectly_true" classname="DoctorTest" time="0.005"/>
  <testcase name="all_emptyAtFirst" classname="DoctorTest" time="0.029"/>
  <system-out><![CDATA[]]></system-out>
  <system-err><![CDATA[]]></system-err>
</testsuite>
