<?xml version="1.0" encoding="UTF-8"?>
<testsuite name="SpecialtyTest" tests="7" skipped="0" failures="0" errors="0" timestamp="2016-05-03T20:59:44" hostname="epicodus-48.local" time="0.071">
  <properties/>
  <testcase name="find_findsSpecialtyInDatabase_true" classname="SpecialtyTest" time="0.017"/>
  <testcase name="all_emptyAtFirst" classname="SpecialtyTest" time="0.008"/>
  <testcase name="Specialty_instantiatesCorrectly_true" classname="SpecialtyTest" time="0.005"/>
  <testcase name="getType_specialtyInstantiatesWithType_String" classname="SpecialtyTest" time="0.005"/>
  <testcase name="equals_returnsTrueIfTypesAreTheSame" classname="SpecialtyTest" time="0.006"/>
  <testcase name="save_assignsIdToObject" classname="SpecialtyTest" time="0.015"/>
  <testcase name="save_returnsTrueIfTypesAreTheSame" classname="SpecialtyTest" time="0.013"/>
  <system-out><![CDATA[]]></system-out>
  <system-err><![CDATA[]]></system-err>
</testsuite>
