<?xml version="1.0" encoding="UTF-8"?>
<testsuite name="DoctorTest" tests="8" skipped="0" failures="0" errors="0" timestamp="2016-05-03T23:48:40" hostname="epicodus-48.local" time="0.184">
  <properties/>
  <testcase name="find_findDoctorInDatabase_true" classname="DoctorTest" time="0.11"/>
  <testcase name="equals_returnsTrueIfNamesAretheSame" classname="DoctorTest" time="0.005"/>
  <testcase name="getName_doctorInstantiatesWithName_String" classname="DoctorTest" time="0.005"/>
  <testcase name="Doctor_instantiatesCorrectly_true" classname="DoctorTest" time="0.005"/>
  <testcase name="all_emptyAtFirst" classname="DoctorTest" time="0.009"/>
  <testcase name="save_savesIntoDatabase_true" classname="DoctorTest" time="0.014"/>
  <testcase name="save_savesSpecialtyIdIntoDB_true" classname="DoctorTest" time="0.02"/>
  <testcase name="save_assignsIdToObject" classname="DoctorTest" time="0.014"/>
  <system-out><![CDATA[]]></system-out>
  <system-err><![CDATA[]]></system-err>
</testsuite>
